[1102/100501.120:ERROR:directory_reader_win.cc(43)] FindFirstFile: Системе не удается найти указанный путь. (0x3)
[1103/100501.125:ERROR:directory_reader_win.cc(43)] FindFirstFile: Системе не удается найти указанный путь. (0x3)
[1104/100502.168:ERROR:directory_reader_win.cc(43)] FindFirstFile: Системе не удается найти указанный путь. (0x3)
[1105/100502.172:ERROR:directory_reader_win.cc(43)] FindFirstFile: Системе не удается найти указанный путь. (0x3)
[0121/095331.980:ERROR:directory_reader_win.cc(43)] FindFirstFile: Системе не удается найти указанный путь. (0x3)
[0121/101704.017:ERROR:process_info.cc(359)] UncheckedAllocate
[0121/101704.540:ERROR:process_info.cc(359)] UncheckedAllocate
[0121/101704.622:ERROR:process_info.cc(359)] UncheckedAllocate
[0121/101704.645:ERROR:process_reader_win.cc(151)] SuspendThread: Отказано в доступе. (0x5)
[0121/101704.646:ERROR:exception_snapshot_win.cc(99)] thread ID 2928 not found in process
[0121/101704.646:ERROR:scoped_process_suspend.cc(40)] NtResumeProcess: Попытка доступа к процессу, выполняющему процедуру завершения. (0xc000010a)
[0123/185247.118:ERROR:directory_reader_win.cc(43)] FindFirstFile: Системе не удается найти указанный путь. (0x3)
[0125/212404.928:ERROR:directory_reader_win.cc(43)] FindFirstFile: Системе не удается найти указанный путь. (0x3)
[0126/212406.901:ERROR:directory_reader_win.cc(43)] FindFirstFile: Системе не удается найти указанный путь. (0x3)
[0126/212406.909:ERROR:filesystem_win.cc(129)] GetFileAttributes C:\Users\TrashPony\AppData\Local\Google\Chrome\User Data\Crashpad\attachments\4b98490a-a179-4a2c-ac38-3fba383f472c: Системе не удается найти указанный путь. (0x3)
[0126/212406.912:ERROR:filesystem_win.cc(129)] GetFileAttributes C:\Users\TrashPony\AppData\Local\Google\Chrome\User Data\Crashpad\attachments\3a85379f-7b85-4283-9e87-62bc702412b8: Системе не удается найти указанный путь. (0x3)
[0126/212406.914:ERROR:filesystem_win.cc(129)] GetFileAttributes C:\Users\TrashPony\AppData\Local\Google\Chrome\User Data\Crashpad\attachments\f59931a3-7bd4-4595-9502-7a06e8859e52: Системе не удается найти указанный путь. (0x3)
[0126/212406.916:ERROR:filesystem_win.cc(129)] GetFileAttributes C:\Users\TrashPony\AppData\Local\Google\Chrome\User Data\Crashpad\attachments\81d3810e-3668-4727-b1a3-02c752a04874: Системе не удается найти указанный путь. (0x3)
[0126/212406.919:ERROR:filesystem_win.cc(129)] GetFileAttributes C:\Users\TrashPony\AppData\Local\Google\Chrome\User Data\Crashpad\attachments\b4e3e038-97a0-4c20-8efb-be6fb30dbf2e: Системе не удается найти указанный путь. (0x3)
[0126/212406.921:ERROR:filesystem_win.cc(129)] GetFileAttributes C:\Users\TrashPony\AppData\Local\Google\Chrome\User Data\Crashpad\attachments\d69e8e1f-7c2c-4ee9-8fd6-33cac68fda08: Системе не удается найти указанный путь. (0x3)
[0127/212406.930:ERROR:directory_reader_win.cc(43)] FindFirstFile: Системе не удается найти указанный путь. (0x3)
[0127/212406.938:ERROR:filesystem_win.cc(129)] GetFileAttributes C:\Users\TrashPony\AppData\Local\Google\Chrome\User Data\Crashpad\attachments\d66146d3-c29c-40df-814d-58ac8ab231fc: Системе не удается найти указанный путь. (0x3)
[0127/212406.941:ERROR:filesystem_win.cc(129)] GetFileAttributes C:\Users\TrashPony\AppData\Local\Google\Chrome\User Data\Crashpad\attachments\275b6724-7ed5-4e89-b411-caea1484d765: Системе не удается найти указанный путь. (0x3)
[0127/212406.943:ERROR:filesystem_win.cc(129)] GetFileAttributes C:\Users\TrashPony\AppData\Local\Google\Chrome\User Data\Crashpad\attachments\2e506110-e385-411c-9716-2751a97d671d: Системе не удается найти указанный путь. (0x3)
[0127/212406.945:ERROR:filesystem_win.cc(129)] GetFileAttributes C:\Users\TrashPony\AppData\Local\Google\Chrome\User Data\Crashpad\attachments\f8090d7d-ca93-4036-b6b2-b717230ea1d0: Системе не удается найти указанный путь. (0x3)
[0127/212406.947:ERROR:filesystem_win.cc(129)] GetFileAttributes C:\Users\TrashPony\AppData\Local\Google\Chrome\User Data\Crashpad\attachments\2799cd8e-cbd8-4298-b322-5745c6eb29d2: Системе не удается найти указанный путь. (0x3)
[0127/212406.950:ERROR:filesystem_win.cc(129)] GetFileAttributes C:\Users\TrashPony\AppData\Local\Google\Chrome\User Data\Crashpad\attachments\9f11f686-0d99-441f-a6a6-b911f8bbbf50: Системе не удается найти указанный путь. (0x3)
[0127/212406.952:ERROR:filesystem_win.cc(129)] GetFileAttributes C:\Users\TrashPony\AppData\Local\Google\Chrome\User Data\Crashpad\attachments\d96dd3c5-53ab-41a1-9b35-92be2a650ae6: Системе не удается найти указанный путь. (0x3)
[0127/212406.955:ERROR:filesystem_win.cc(129)] GetFileAttributes C:\Users\TrashPony\AppData\Local\Google\Chrome\User Data\Crashpad\attachments\7fe08971-d8b9-42cd-832f-3983c318714a: Системе не удается найти указанный путь. (0x3)
[0127/212406.957:ERROR:filesystem_win.cc(129)] GetFileAttributes C:\Users\TrashPony\AppData\Local\Google\Chrome\User Data\Crashpad\attachments\6ee81af7-2416-41bf-81f2-c11679fb1718: Системе не удается найти указанный путь. (0x3)
[0127/212406.959:ERROR:filesystem_win.cc(129)] GetFileAttributes C:\Users\TrashPony\AppData\Local\Google\Chrome\User Data\Crashpad\attachments\58ec9855-ad4b-48e1-8bb6-b97158a677e1: Системе не удается найти указанный путь. (0x3)
[0127/212406.961:ERROR:filesystem_win.cc(129)] GetFileAttributes C:\Users\TrashPony\AppData\Local\Google\Chrome\User Data\Crashpad\attachments\73060aa1-96e0-4daf-af57-e2b026712429: Системе не удается найти указанный путь. (0x3)
[0127/212406.963:ERROR:filesystem_win.cc(129)] GetFileAttributes C:\Users\TrashPony\AppData\Local\Google\Chrome\User Data\Crashpad\attachments\ff63709e-a31b-47a3-942f-00a0f3493ef3: Системе не удается найти указанный путь. (0x3)
[0127/212406.965:ERROR:filesystem_win.cc(129)] GetFileAttributes C:\Users\TrashPony\AppData\Local\Google\Chrome\User Data\Crashpad\attachments\57843a93-585a-44b2-88f1-683fd272a89e: Системе не удается найти указанный путь. (0x3)
[0127/212406.968:ERROR:filesystem_win.cc(129)] GetFileAttributes C:\Users\TrashPony\AppData\Local\Google\Chrome\User Data\Crashpad\attachments\cac0bcea-ed18-42de-9dc0-1ca7b30b498b: Системе не удается найти указанный путь. (0x3)
[0127/212406.969:ERROR:filesystem_win.cc(129)] GetFileAttributes C:\Users\TrashPony\AppData\Local\Google\Chrome\User Data\Crashpad\attachments\345c64c5-219f-4ccb-963c-b9e4258d62e5: Системе не удается найти указанный путь. (0x3)
[0127/212406.971:ERROR:filesystem_win.cc(129)] GetFileAttributes C:\Users\TrashPony\AppData\Local\Google\Chrome\User Data\Crashpad\attachments\73e9d495-da41-4c9d-89a2-dea74b377759: Системе не удается найти указанный путь. (0x3)
[0127/212406.973:ERROR:filesystem_win.cc(129)] GetFileAttributes C:\Users\TrashPony\AppData\Local\Google\Chrome\User Data\Crashpad\attachments\eef113b2-6e83-47db-8ce9-4b4f9bca894a: Системе не удается найти указанный путь. (0x3)
[0127/212406.975:ERROR:filesystem_win.cc(129)] GetFileAttributes C:\Users\TrashPony\AppData\Local\Google\Chrome\User Data\Crashpad\attachments\73b07efa-352c-410c-ad54-6f26d60a35e7: Системе не удается найти указанный путь. (0x3)
[0127/212406.977:ERROR:filesystem_win.cc(129)] GetFileAttributes C:\Users\TrashPony\AppData\Local\Google\Chrome\User Data\Crashpad\attachments\ced72ba9-fefb-4f7f-b520-fd6b00fa4204: Системе не удается найти указанный путь. (0x3)
[0127/212406.978:ERROR:filesystem_win.cc(129)] GetFileAttributes C:\Users\TrashPony\AppData\Local\Google\Chrome\User Data\Crashpad\attachments\a7d2162e-0cfb-4daf-a03d-943d7d79da3b: Системе не удается найти указанный путь. (0x3)
[0127/212406.980:ERROR:filesystem_win.cc(129)] GetFileAttributes C:\Users\TrashPony\AppData\Local\Google\Chrome\User Data\Crashpad\attachments\d43884b1-894a-4bf0-88c9-f33cfe7718c5: Системе не удается найти указанный путь. (0x3)
[0127/212406.981:ERROR:filesystem_win.cc(129)] GetFileAttributes C:\Users\TrashPony\AppData\Local\Google\Chrome\User Data\Crashpad\attachments\4ea47816-05a1-472c-8764-4e700d775786: Системе не удается найти указанный путь. (0x3)
[0127/212406.983:ERROR:filesystem_win.cc(129)] GetFileAttributes C:\Users\TrashPony\AppData\Local\Google\Chrome\User Data\Crashpad\attachments\84218a5d-a434-4eae-b7b8-4fd57131e77d: Системе не удается найти указанный путь. (0x3)
[0127/212406.984:ERROR:filesystem_win.cc(129)] GetFileAttributes C:\Users\TrashPony\AppData\Local\Google\Chrome\User Data\Crashpad\attachments\77b733d3-dbb4-41ae-adef-ecb86ce82f47: Системе не удается найти указанный путь. (0x3)
[0127/212406.986:ERROR:filesystem_win.cc(129)] GetFileAttributes C:\Users\TrashPony\AppData\Local\Google\Chrome\User Data\Crashpad\attachments\bb673dde-0794-4e8c-b57e-50d3cbf0121b: Системе не удается найти указанный путь. (0x3)
[0127/212406.988:ERROR:filesystem_win.cc(129)] GetFileAttributes C:\Users\TrashPony\AppData\Local\Google\Chrome\User Data\Crashpad\attachments\994e9070-c09e-4fd8-a328-1d59b78ebb97: Системе не удается найти указанный путь. (0x3)
[0127/212406.989:ERROR:filesystem_win.cc(129)] GetFileAttributes C:\Users\TrashPony\AppData\Local\Google\Chrome\User Data\Crashpad\attachments\b1671348-89a6-43c7-bcd7-a2d42952eac7: Системе не удается найти указанный путь. (0x3)
[0127/212406.990:ERROR:filesystem_win.cc(129)] GetFileAttributes C:\Users\TrashPony\AppData\Local\Google\Chrome\User Data\Crashpad\attachments\731f5e27-a1a7-45c8-8034-304afd9d75c9: Системе не удается найти указанный путь. (0x3)
[0127/212406.992:ERROR:filesystem_win.cc(129)] GetFileAttributes C:\Users\TrashPony\AppData\Local\Google\Chrome\User Data\Crashpad\attachments\d7830005-f9a4-425a-9bb6-7efb88e758e2: Системе не удается найти указанный путь. (0x3)
[0127/212406.993:ERROR:filesystem_win.cc(129)] GetFileAttributes C:\Users\TrashPony\AppData\Local\Google\Chrome\User Data\Crashpad\attachments\8d7c90d6-04d4-469b-8fb9-15f14a8b23d2: Системе не удается найти указанный путь. (0x3)
[0127/212406.994:ERROR:filesystem_win.cc(129)] GetFileAttributes C:\Users\TrashPony\AppData\Local\Google\Chrome\User Data\Crashpad\attachments\e4d3201b-cdad-489e-bc23-0b41f43e91ac: Системе не удается найти указанный путь. (0x3)
[0127/212406.995:ERROR:filesystem_win.cc(129)] GetFileAttributes C:\Users\TrashPony\AppData\Local\Google\Chrome\User Data\Crashpad\attachments\74acb460-ba05-4007-b39c-551d3b69f12c: Системе не удается найти указанный путь. (0x3)
[0127/212406.997:ERROR:filesystem_win.cc(129)] GetFileAttributes C:\Users\TrashPony\AppData\Local\Google\Chrome\User Data\Crashpad\attachments\2cbe9a7e-c9d3-421b-abe9-b92cd322f123: Системе не удается найти указанный путь. (0x3)
[0127/212406.998:ERROR:filesystem_win.cc(129)] GetFileAttributes C:\Users\TrashPony\AppData\Local\Google\Chrome\User Data\Crashpad\attachments\d141e118-3ea8-4fb9-a836-f4d38b2f2516: Системе не удается найти указанный путь. (0x3)
[0127/212406.999:ERROR:filesystem_win.cc(129)] GetFileAttributes C:\Users\TrashPony\AppData\Local\Google\Chrome\User Data\Crashpad\attachments\3b2689d6-65f9-40a4-a24b-e8f894ec8d1e: Системе не удается найти указанный путь. (0x3)
[0127/212407.000:ERROR:filesystem_win.cc(129)] GetFileAttributes C:\Users\TrashPony\AppData\Local\Google\Chrome\User Data\Crashpad\attachments\46376155-69e1-4c61-9733-b9e2f5767d04: Системе не удается найти указанный путь. (0x3)
[0127/212407.001:ERROR:filesystem_win.cc(129)] GetFileAttributes C:\Users\TrashPony\AppData\Local\Google\Chrome\User Data\Crashpad\attachments\c8a535f6-9a57-474d-9d7b-58da56cce9ff: Системе не удается найти указанный путь. (0x3)
[0127/212407.002:ERROR:filesystem_win.cc(129)] GetFileAttributes C:\Users\TrashPony\AppData\Local\Google\Chrome\User Data\Crashpad\attachments\efe23e1a-49f1-44e3-a459-c46a75427f1a: Системе не удается найти указанный путь. (0x3)
[0127/212407.003:ERROR:filesystem_win.cc(129)] GetFileAttributes C:\Users\TrashPony\AppData\Local\Google\Chrome\User Data\Crashpad\attachments\b800d0a0-fc6e-49ef-9f84-22ace0650075: Системе не удается найти указанный путь. (0x3)
[0127/212407.004:ERROR:filesystem_win.cc(129)] GetFileAttributes C:\Users\TrashPony\AppData\Local\Google\Chrome\User Data\Crashpad\attachments\bb89780b-842b-4cfe-852d-89d7cd15b56c: Системе не удается найти указанный путь. (0x3)
[0127/212407.005:ERROR:filesystem_win.cc(129)] GetFileAttributes C:\Users\TrashPony\AppData\Local\Google\Chrome\User Data\Crashpad\attachments\9ca0b19b-1dd5-4684-8fd0-cb334ae46534: Системе не удается найти указанный путь. (0x3)
[0127/212407.005:ERROR:filesystem_win.cc(129)] GetFileAttributes C:\Users\TrashPony\AppData\Local\Google\Chrome\User Data\Crashpad\attachments\e951aec7-6ffd-4c02-bd28-a9fc4b9d3eab: Системе не удается найти указанный путь. (0x3)
[0127/212407.006:ERROR:filesystem_win.cc(129)] GetFileAttributes C:\Users\TrashPony\AppData\Local\Google\Chrome\User Data\Crashpad\attachments\44971655-8ebf-404c-8dd4-4e79e7496e5c: Системе не удается найти указанный путь. (0x3)
[0127/212407.018:ERROR:filesystem_win.cc(129)] GetFileAttributes C:\Users\TrashPony\AppData\Local\Google\Chrome\User Data\Crashpad\attachments\38dd80a7-8502-4f90-b5f3-4b6b850eb0a9: Системе не удается найти указанный путь. (0x3)
